# JRE version: OpenJDK Runtime Environment Temurin-21.0.11+10 (21.0.11+10) (build 21.0.11+10-LTS)
# Java VM: OpenJDK 64-Bit Server VM Temurin-21.0.11+10 (21.0.11+10-LTS, mixed mode, sharing, tiered, compressed oops, compressed class ptrs, parallel gc, windows-amd64)
GC Precious Log:
 CardTable entry size: 512
 CPUs: 8 total, 8 available
 Memory: 7930M
 Large Page Support: Disabled
 NUMA Support: Disabled
 Compressed Oops: Enabled (32-bit)
 Alignments: Space 512K, Generation 512K, Heap 2M
 Heap Min Capacity: 100M
 Heap Initial Capacity: 100M
 Heap Max Capacity: 2G
 Pre-touch: Disabled
 Parallel Workers: 8
Heap:
 PSYoungGen      total 11264K, used 7493K [0x00000000d5580000, 0x00000000d6200000, 0x0000000100000000)
  eden space 10752K, 67% used [0x00000000d5580000,0x00000000d5c99430,0x00000000d6000000)
  from space 512K, 43% used [0x00000000d6100000,0x00000000d6138000,0x00000000d6180000)
  to   space 512K, 0% used [0x00000000d6180000,0x00000000d6180000,0x00000000d6200000)
 ParOldGen       total 84480K, used 75473K [0x0000000080000000, 0x0000000085280000, 0x00000000d5580000)
  object space 84480K, 89% used [0x0000000080000000,0x00000000849b4740,0x0000000085280000)
 Metaspace       used 67412K, committed 68928K, reserved 1114112K
  class space    used 7094K, committed 7808K, reserved 1048576K
GC Heap History (20 events):
Event: 29.080 GC heap before
{Heap before GC invocations=147 (full 3):
 PSYoungGen      total 12288K, used 12272K [0x00000000d5580000, 0x00000000d6800000, 0x0000000100000000)
  eden space 10752K, 100% used [0x00000000d5580000,0x00000000d6000000,0x00000000d6000000)
  from space 1536K, 98% used [0x00000000d6000000,0x00000000d617c010,0x00000000d6180000)
  to   space 4096K, 0% used [0x00000000d6400000,0x00000000d6400000,0x00000000d6800000)
 ParOldGen       total 84480K, used 70182K [0x0000000080000000, 0x0000000085280000, 0x00000000d5580000)
  object space 84480K, 83% used [0x0000000080000000,0x0000000084489b20,0x0000000085280000)
 Metaspace       used 65434K, committed 67072K, reserved 1114112K
  class space    used 6958K, committed 7680K, reserved 1048576K
}
Event: 29.084 GC heap after
{Heap after GC invocations=147 (full 3):
 PSYoungGen      total 11776K, used 704K [0x00000000d5580000, 0x00000000d6500000, 0x0000000100000000)
  eden space 10752K, 0% used [0x00000000d5580000,0x00000000d5580000,0x00000000d6000000)
  from space 1024K, 68% used [0x00000000d6400000,0x00000000d64b0000,0x00000000d6500000)
  to   space 2048K, 0% used [0x00000000d6100000,0x00000000d6100000,0x00000000d6300000)
 ParOldGen       total 84480K, used 71298K [0x0000000080000000, 0x0000000085280000, 0x00000000d5580000)
  object space 84480K, 84% used [0x0000000080000000,0x00000000845a0a98,0x0000000085280000)
 Metaspace       used 65434K, committed 67072K, reserved 1114112K
  class space    used 6958K, committed 7680K, reserved 1048576K
}
Event: 29.480 GC heap before
{Heap before GC invocations=148 (full 3):
 PSYoungGen      total 11776K, used 11445K [0x00000000d5580000, 0x00000000d6500000, 0x0000000100000000)
  eden space 10752K, 99% used [0x00000000d5580000,0x00000000d5ffd730,0x00000000d6000000)
  from space 1024K, 68% used [0x00000000d6400000,0x00000000d64b0000,0x00000000d6500000)
  to   space 2048K, 0% used [0x00000000d6100000,0x00000000d6100000,0x00000000d6300000)
 ParOldGen       total 84480K, used 71298K [0x0000000080000000, 0x0000000085280000, 0x00000000d5580000)
  object space 84480K, 84% used [0x0000000080000000,0x00000000845a0a98,0x0000000085280000)
 Metaspace       used 65833K, committed 67456K, reserved 1114112K
  class space    used 6983K, committed 7680K, reserved 1048576K
}
Event: 29.482 GC heap after
{Heap after GC invocations=148 (full 3):
 PSYoungGen      total 12800K, used 928K [0x00000000d5580000, 0x00000000d6480000, 0x0000000100000000)
  eden space 10752K, 0% used [0x00000000d5580000,0x00000000d5580000,0x00000000d6000000)
  from space 2048K, 45% used [0x00000000d6100000,0x00000000d61e8020,0x00000000d6300000)
  to   space 1024K, 0% used [0x00000000d6380000,0x00000000d6380000,0x00000000d6480000)
 ParOldGen       total 84480K, used 71784K [0x0000000080000000, 0x0000000085280000, 0x00000000d5580000)
  object space 84480K, 84% used [0x0000000080000000,0x000000008461a218,0x0000000085280000)
 Metaspace       used 65833K, committed 67456K, reserved 1114112K
  class space    used 6983K, committed 7680K, reserved 1048576K
}
Event: 29.792 GC heap before
{Heap before GC invocations=149 (full 3):
 PSYoungGen      total 12800K, used 11680K [0x00000000d5580000, 0x00000000d6480000, 0x0000000100000000)
  eden space 10752K, 100% used [0x00000000d5580000,0x00000000d6000000,0x00000000d6000000)
  from space 2048K, 45% used [0x00000000d6100000,0x00000000d61e8020,0x00000000d6300000)
  to   space 1024K, 0% used [0x00000000d6380000,0x00000000d6380000,0x00000000d6480000)
 ParOldGen       total 84480K, used 71784K [0x0000000080000000, 0x0000000085280000, 0x00000000d5580000)
  object space 84480K, 84% used [0x0000000080000000,0x000000008461a218,0x0000000085280000)
 Metaspace       used 66194K, committed 67776K, reserved 1114112K
  class space    used 7012K, committed 7680K, reserved 1048576K
}
Event: 29.796 GC heap after
{Heap after GC invocations=149 (full 3):
 PSYoungGen      total 11776K, used 832K [0x00000000d5580000, 0x00000000d6480000, 0x0000000100000000)
  eden space 10752K, 0% used [0x00000000d5580000,0x00000000d5580000,0x00000000d6000000)
  from space 1024K, 81% used [0x00000000d6380000,0x00000000d6450000,0x00000000d6480000)
  to   space 1024K, 0% used [0x00000000d6280000,0x00000000d6280000,0x00000000d6380000)
 ParOldGen       total 84480K, used 72489K [0x0000000080000000, 0x0000000085280000, 0x00000000d5580000)
  object space 84480K, 85% used [0x0000000080000000,0x00000000846ca480,0x0000000085280000)
 Metaspace       used 66194K, committed 67776K, reserved 1114112K
  class space    used 7012K, committed 7680K, reserved 1048576K
}
Event: 30.006 GC heap before
{Heap before GC invocations=150 (full 3):
 PSYoungGen      total 11776K, used 11584K [0x00000000d5580000, 0x00000000d6480000, 0x0000000100000000)
  eden space 10752K, 100% used [0x00000000d5580000,0x00000000d6000000,0x00000000d6000000)
  from space 1024K, 81% used [0x00000000d6380000,0x00000000d6450000,0x00000000d6480000)
  to   space 1024K, 0% used [0x00000000d6280000,0x00000000d6280000,0x00000000d6380000)
 ParOldGen       total 84480K, used 72489K [0x0000000080000000, 0x0000000085280000, 0x00000000d5580000)
  object space 84480K, 85% used [0x0000000080000000,0x00000000846ca480,0x0000000085280000)
 Metaspace       used 66424K, committed 67968K, reserved 1114112K
  class space    used 7025K, committed 7680K, reserved 1048576K
}
Event: 30.007 GC heap after
{Heap after GC invocations=150 (full 3):
 PSYoungGen      total 11264K, used 320K [0x00000000d5580000, 0x00000000d6400000, 0x0000000100000000)
  eden space 10752K, 0% used [0x00000000d5580000,0x00000000d5580000,0x00000000d6000000)
  from space 512K, 62% used [0x00000000d6280000,0x00000000d62d0000,0x00000000d6300000)
  to   space 1024K, 0% used [0x00000000d6300000,0x00000000d6300000,0x00000000d6400000)
 ParOldGen       total 84480K, used 73025K [0x0000000080000000, 0x0000000085280000, 0x00000000d5580000)
  object space 84480K, 86% used [0x0000000080000000,0x0000000084750480,0x0000000085280000)
 Metaspace       used 66424K, committed 67968K, reserved 1114112K
  class space    used 7025K, committed 7680K, reserved 1048576K
}
Event: 30.304 GC heap before
{Heap before GC invocations=151 (full 3):
 PSYoungGen      total 11264K, used 11072K [0x00000000d5580000, 0x00000000d6400000, 0x0000000100000000)
  eden space 10752K, 100% used [0x00000000d5580000,0x00000000d6000000,0x00000000d6000000)
  from space 512K, 62% used [0x00000000d6280000,0x00000000d62d0000,0x00000000d6300000)
  to   space 1024K, 0% used [0x00000000d6300000,0x00000000d6300000,0x00000000d6400000)
 ParOldGen       total 84480K, used 73025K [0x0000000080000000, 0x0000000085280000, 0x00000000d5580000)
  object space 84480K, 86% used [0x0000000080000000,0x0000000084750480,0x0000000085280000)
 Metaspace       used 66570K, committed 68160K, reserved 1114112K
  class space    used 7036K, committed 7744K, reserved 1048576K
}
Event: 30.306 GC heap after
{Heap after GC invocations=151 (full 3):
 PSYoungGen      total 11776K, used 1024K [0x00000000d5580000, 0x00000000d6400000, 0x0000000100000000)
  eden space 10752K, 0% used [0x00000000d5580000,0x00000000d5580000,0x00000000d6000000)
  from space 1024K, 100% used [0x00000000d6300000,0x00000000d6400000,0x00000000d6400000)
  to   space 1536K, 0% used [0x00000000d6100000,0x00000000d6100000,0x00000000d6280000)
 ParOldGen       total 84480K, used 73225K [0x0000000080000000, 0x0000000085280000, 0x00000000d5580000)
  object space 84480K, 86% used [0x0000000080000000,0x0000000084782480,0x0000000085280000)
 Metaspace       used 66570K, committed 68160K, reserved 1114112K
  class space    used 7036K, committed 7744K, reserved 1048576K
}
Event: 30.555 GC heap before
{Heap before GC invocations=152 (full 3):
 PSYoungGen      total 11776K, used 11776K [0x00000000d5580000, 0x00000000d6400000, 0x0000000100000000)
  eden space 10752K, 100% used [0x00000000d5580000,0x00000000d6000000,0x00000000d6000000)
  from space 1024K, 100% used [0x00000000d6300000,0x00000000d6400000,0x00000000d6400000)
  to   space 1536K, 0% used [0x00000000d6100000,0x00000000d6100000,0x00000000d6280000)
 ParOldGen       total 84480K, used 73225K [0x0000000080000000, 0x0000000085280000, 0x00000000d5580000)
  object space 84480K, 86% used [0x0000000080000000,0x0000000084782480,0x0000000085280000)
 Metaspace       used 66639K, committed 68224K, reserved 1114112K
  class space    used 7038K, committed 7744K, reserved 1048576K
}
Event: 30.556 GC heap after
{Heap after GC invocations=152 (full 3):
 PSYoungGen      total 11776K, used 960K [0x00000000d5580000, 0x00000000d6380000, 0x0000000100000000)
  eden space 10752K, 0% used [0x00000000d5580000,0x00000000d5580000,0x00000000d6000000)
  from space 1024K, 93% used [0x00000000d6100000,0x00000000d61f0000,0x00000000d6200000)
  to   space 1536K, 0% used [0x00000000d6200000,0x00000000d6200000,0x00000000d6380000)
 ParOldGen       total 84480K, used 73793K [0x0000000080000000, 0x0000000085280000, 0x00000000d5580000)
  object space 84480K, 87% used [0x0000000080000000,0x0000000084810480,0x0000000085280000)
 Metaspace       used 66639K, committed 68224K, reserved 1114112K
  class space    used 7038K, committed 7744K, reserved 1048576K
}
Event: 31.001 GC heap before
{Heap before GC invocations=153 (full 3):
 PSYoungGen      total 11776K, used 11712K [0x00000000d5580000, 0x00000000d6380000, 0x0000000100000000)
  eden space 10752K, 100% used [0x00000000d5580000,0x00000000d6000000,0x00000000d6000000)
  from space 1024K, 93% used [0x00000000d6100000,0x00000000d61f0000,0x00000000d6200000)
  to   space 1536K, 0% used [0x00000000d6200000,0x00000000d6200000,0x00000000d6380000)
 ParOldGen       total 84480K, used 73793K [0x0000000080000000, 0x0000000085280000, 0x00000000d5580000)
  object space 84480K, 87% used [0x0000000080000000,0x0000000084810480,0x0000000085280000)
 Metaspace       used 66760K, committed 68288K, reserved 1114112K
  class space    used 7040K, committed 7744K, reserved 1048576K
}
Event: 31.003 GC heap after
{Heap after GC invocations=153 (full 3):
 PSYoungGen      total 11776K, used 640K [0x00000000d5580000, 0x00000000d6300000, 0x0000000100000000)
  eden space 10752K, 0% used [0x00000000d5580000,0x00000000d5580000,0x00000000d6000000)
  from space 1024K, 62% used [0x00000000d6200000,0x00000000d62a0000,0x00000000d6300000)
  to   space 1024K, 0% used [0x00000000d6100000,0x00000000d6100000,0x00000000d6200000)
 ParOldGen       total 84480K, used 74537K [0x0000000080000000, 0x0000000085280000, 0x00000000d5580000)
  object space 84480K, 88% used [0x0000000080000000,0x00000000848ca480,0x0000000085280000)
 Metaspace       used 66760K, committed 68288K, reserved 1114112K
  class space    used 7040K, committed 7744K, reserved 1048576K
}
Event: 31.161 GC heap before
{Heap before GC invocations=154 (full 3):
 PSYoungGen      total 11776K, used 11383K [0x00000000d5580000, 0x00000000d6300000, 0x0000000100000000)
  eden space 10752K, 99% used [0x00000000d5580000,0x00000000d5ffdd18,0x00000000d6000000)
  from space 1024K, 62% used [0x00000000d6200000,0x00000000d62a0000,0x00000000d6300000)
  to   space 1024K, 0% used [0x00000000d6100000,0x00000000d6100000,0x00000000d6200000)
 ParOldGen       total 84480K, used 74537K [0x0000000080000000, 0x0000000085280000, 0x00000000d5580000)
  object space 84480K, 88% used [0x0000000080000000,0x00000000848ca480,0x0000000085280000)
 Metaspace       used 67107K, committed 68672K, reserved 1114112K
  class space    used 7076K, committed 7744K, reserved 1048576K
}
Event: 31.163 GC heap after
{Heap after GC invocations=154 (full 3):
 PSYoungGen      total 11264K, used 480K [0x00000000d5580000, 0x00000000d6280000, 0x0000000100000000)
  eden space 10752K, 0% used [0x00000000d5580000,0x00000000d5580000,0x00000000d6000000)
  from space 512K, 93% used [0x00000000d6100000,0x00000000d6178020,0x00000000d6180000)
  to   space 1024K, 0% used [0x00000000d6180000,0x00000000d6180000,0x00000000d6280000)
 ParOldGen       total 84480K, used 74921K [0x0000000080000000, 0x0000000085280000, 0x00000000d5580000)
  object space 84480K, 88% used [0x0000000080000000,0x000000008492a480,0x0000000085280000)
 Metaspace       used 67107K, committed 68672K, reserved 1114112K
  class space    used 7076K, committed 7744K, reserved 1048576K
}
Event: 31.490 GC heap before
{Heap before GC invocations=155 (full 3):
 PSYoungGen      total 11264K, used 10521K [0x00000000d5580000, 0x00000000d6280000, 0x0000000100000000)
  eden space 10752K, 93% used [0x00000000d5580000,0x00000000d5f4e510,0x00000000d6000000)
  from space 512K, 93% used [0x00000000d6100000,0x00000000d6178020,0x00000000d6180000)
  to   space 1024K, 0% used [0x00000000d6180000,0x00000000d6180000,0x00000000d6280000)
 ParOldGen       total 84480K, used 74921K [0x0000000080000000, 0x0000000085280000, 0x00000000d5580000)
  object space 84480K, 88% used [0x0000000080000000,0x000000008492a480,0x0000000085280000)
 Metaspace       used 67185K, committed 68736K, reserved 1114112K
  class space    used 7081K, committed 7744K, reserved 1048576K
}
Event: 31.491 GC heap after
{Heap after GC invocations=155 (full 3):
 PSYoungGen      total 11264K, used 474K [0x00000000d5580000, 0x00000000d6200000, 0x0000000100000000)
  eden space 10752K, 0% used [0x00000000d5580000,0x00000000d5580000,0x00000000d6000000)
  from space 512K, 92% used [0x00000000d6180000,0x00000000d61f6920,0x00000000d6200000)
  to   space 512K, 0% used [0x00000000d6100000,0x00000000d6100000,0x00000000d6180000)
 ParOldGen       total 84480K, used 75165K [0x0000000080000000, 0x0000000085280000, 0x00000000d5580000)
  object space 84480K, 88% used [0x0000000080000000,0x0000000084967710,0x0000000085280000)
 Metaspace       used 67185K, committed 68736K, reserved 1114112K
  class space    used 7081K, committed 7744K, reserved 1048576K
}
Event: 31.533 GC heap before
{Heap before GC invocations=156 (full 3):
 PSYoungGen      total 11264K, used 11226K [0x00000000d5580000, 0x00000000d6200000, 0x0000000100000000)
  eden space 10752K, 100% used [0x00000000d5580000,0x00000000d6000000,0x00000000d6000000)
  from space 512K, 92% used [0x00000000d6180000,0x00000000d61f6920,0x00000000d6200000)
  to   space 512K, 0% used [0x00000000d6100000,0x00000000d6100000,0x00000000d6180000)
 ParOldGen       total 84480K, used 75165K [0x0000000080000000, 0x0000000085280000, 0x00000000d5580000)
  object space 84480K, 88% used [0x0000000080000000,0x0000000084967710,0x0000000085280000)
 Metaspace       used 67211K, committed 68800K, reserved 1114112K
  class space    used 7083K, committed 7744K, reserved 1048576K
}
Event: 31.534 GC heap after
{Heap after GC invocations=156 (full 3):
 PSYoungGen      total 11264K, used 224K [0x00000000d5580000, 0x00000000d6200000, 0x0000000100000000)
  eden space 10752K, 0% used [0x00000000d5580000,0x00000000d5580000,0x00000000d6000000)
  from space 512K, 43% used [0x00000000d6100000,0x00000000d6138000,0x00000000d6180000)
  to   space 512K, 0% used [0x00000000d6180000,0x00000000d6180000,0x00000000d6200000)
 ParOldGen       total 84480K, used 75473K [0x0000000080000000, 0x0000000085280000, 0x00000000d5580000)
  object space 84480K, 89% used [0x0000000080000000,0x00000000849b4740,0x0000000085280000)
 Metaspace       used 67211K, committed 68800K, reserved 1114112K
  class space    used 7083K, committed 7744K, reserved 1048576K
}

