# JRE version: OpenJDK Runtime Environment Temurin-21.0.11+10 (21.0.11+10) (build 21.0.11+10-LTS)
# Java VM: OpenJDK 64-Bit Server VM Temurin-21.0.11+10 (21.0.11+10-LTS, mixed mode, sharing, tiered, compressed oops, compressed class ptrs, parallel gc, windows-amd64)
GC Precious Log:
 CardTable entry size: 512
 CPUs: 8 total, 8 available
 Memory: 7930M
 Large Page Support: Disabled
 NUMA Support: Disabled
 Compressed Oops: Enabled (32-bit)
 Alignments: Space 512K, Generation 512K, Heap 2M
 Heap Min Capacity: 100M
 Heap Initial Capacity: 100M
 Heap Max Capacity: 2G
 Pre-touch: Disabled
 Parallel Workers: 8
Heap:
 PSYoungGen      total 13312K, used 2975K [0x00000000d5580000, 0x00000000d6500000, 0x0000000100000000)
  eden space 12800K, 19% used [0x00000000d5580000,0x00000000d57efc60,0x00000000d6200000)
  from space 512K, 93% used [0x00000000d6480000,0x00000000d64f8010,0x00000000d6500000)
  to   space 1024K, 0% used [0x00000000d6300000,0x00000000d6300000,0x00000000d6400000)
 ParOldGen       total 68608K, used 52877K [0x0000000080000000, 0x0000000084300000, 0x00000000d5580000)
  object space 68608K, 77% used [0x0000000080000000,0x00000000833a34d0,0x0000000084300000)
 Metaspace       used 55494K, committed 56896K, reserved 1114112K
  class space    used 6009K, committed 6656K, reserved 1048576K
GC Heap History (20 events):
Event: 11.238 GC heap before
{Heap before GC invocations=37 (full 2):
 PSYoungGen      total 13824K, used 13824K [0x00000000d5580000, 0x00000000d6800000, 0x0000000100000000)
  eden space 12800K, 100% used [0x00000000d5580000,0x00000000d6200000,0x00000000d6200000)
  from space 1024K, 100% used [0x00000000d6600000,0x00000000d6700000,0x00000000d6700000)
  to   space 3072K, 0% used [0x00000000d6200000,0x00000000d6200000,0x00000000d6500000)
 ParOldGen       total 68608K, used 45805K [0x0000000080000000, 0x0000000084300000, 0x00000000d5580000)
  object space 68608K, 66% used [0x0000000080000000,0x0000000082cbb480,0x0000000084300000)
 Metaspace       used 49476K, committed 50816K, reserved 1114112K
  class space    used 5393K, committed 6016K, reserved 1048576K
}
Event: 11.242 GC heap after
{Heap after GC invocations=37 (full 2):
 PSYoungGen      total 14336K, used 1376K [0x00000000d5580000, 0x00000000d6680000, 0x0000000100000000)
  eden space 12800K, 0% used [0x00000000d5580000,0x00000000d5580000,0x00000000d6200000)
  from space 1536K, 89% used [0x00000000d6200000,0x00000000d6358010,0x00000000d6380000)
  to   space 2048K, 0% used [0x00000000d6480000,0x00000000d6480000,0x00000000d6680000)
 ParOldGen       total 68608K, used 46837K [0x0000000080000000, 0x0000000084300000, 0x00000000d5580000)
  object space 68608K, 68% used [0x0000000080000000,0x0000000082dbd480,0x0000000084300000)
 Metaspace       used 49476K, committed 50816K, reserved 1114112K
  class space    used 5393K, committed 6016K, reserved 1048576K
}
Event: 11.337 GC heap before
{Heap before GC invocations=38 (full 2):
 PSYoungGen      total 14336K, used 14176K [0x00000000d5580000, 0x00000000d6680000, 0x0000000100000000)
  eden space 12800K, 100% used [0x00000000d5580000,0x00000000d6200000,0x00000000d6200000)
  from space 1536K, 89% used [0x00000000d6200000,0x00000000d6358010,0x00000000d6380000)
  to   space 2048K, 0% used [0x00000000d6480000,0x00000000d6480000,0x00000000d6680000)
 ParOldGen       total 68608K, used 46837K [0x0000000080000000, 0x0000000084300000, 0x00000000d5580000)
  object space 68608K, 68% used [0x0000000080000000,0x0000000082dbd480,0x0000000084300000)
 Metaspace       used 49489K, committed 50816K, reserved 1114112K
  class space    used 5393K, committed 6016K, reserved 1048576K
}
Event: 11.342 GC heap after
{Heap after GC invocations=38 (full 2):
 PSYoungGen      total 14336K, used 1152K [0x00000000d5580000, 0x00000000d6600000, 0x0000000100000000)
  eden space 12800K, 0% used [0x00000000d5580000,0x00000000d5580000,0x00000000d6200000)
  from space 1536K, 75% used [0x00000000d6480000,0x00000000d65a0000,0x00000000d6600000)
  to   space 1536K, 0% used [0x00000000d6200000,0x00000000d6200000,0x00000000d6380000)
 ParOldGen       total 68608K, used 48109K [0x0000000080000000, 0x0000000084300000, 0x00000000d5580000)
  object space 68608K, 70% used [0x0000000080000000,0x0000000082efb490,0x0000000084300000)
 Metaspace       used 49489K, committed 50816K, reserved 1114112K
  class space    used 5393K, committed 6016K, reserved 1048576K
}
Event: 11.436 GC heap before
{Heap before GC invocations=39 (full 2):
 PSYoungGen      total 14336K, used 13952K [0x00000000d5580000, 0x00000000d6600000, 0x0000000100000000)
  eden space 12800K, 100% used [0x00000000d5580000,0x00000000d6200000,0x00000000d6200000)
  from space 1536K, 75% used [0x00000000d6480000,0x00000000d65a0000,0x00000000d6600000)
  to   space 1536K, 0% used [0x00000000d6200000,0x00000000d6200000,0x00000000d6380000)
 ParOldGen       total 68608K, used 48109K [0x0000000080000000, 0x0000000084300000, 0x00000000d5580000)
  object space 68608K, 70% used [0x0000000080000000,0x0000000082efb490,0x0000000084300000)
 Metaspace       used 49563K, committed 50944K, reserved 1114112K
  class space    used 5405K, committed 6016K, reserved 1048576K
}
Event: 11.440 GC heap after
{Heap after GC invocations=39 (full 2):
 PSYoungGen      total 14336K, used 1253K [0x00000000d5580000, 0x00000000d6500000, 0x0000000100000000)
  eden space 12800K, 0% used [0x00000000d5580000,0x00000000d5580000,0x00000000d6200000)
  from space 1536K, 81% used [0x00000000d6200000,0x00000000d63395b8,0x00000000d6380000)
  to   space 1536K, 0% used [0x00000000d6380000,0x00000000d6380000,0x00000000d6500000)
 ParOldGen       total 68608K, used 49181K [0x0000000080000000, 0x0000000084300000, 0x00000000d5580000)
  object space 68608K, 71% used [0x0000000080000000,0x0000000083007690,0x0000000084300000)
 Metaspace       used 49563K, committed 50944K, reserved 1114112K
  class space    used 5405K, committed 6016K, reserved 1048576K
}
Event: 11.815 GC heap before
{Heap before GC invocations=40 (full 2):
 PSYoungGen      total 14336K, used 14053K [0x00000000d5580000, 0x00000000d6500000, 0x0000000100000000)
  eden space 12800K, 100% used [0x00000000d5580000,0x00000000d6200000,0x00000000d6200000)
  from space 1536K, 81% used [0x00000000d6200000,0x00000000d63395b8,0x00000000d6380000)
  to   space 1536K, 0% used [0x00000000d6380000,0x00000000d6380000,0x00000000d6500000)
 ParOldGen       total 68608K, used 49181K [0x0000000080000000, 0x0000000084300000, 0x00000000d5580000)
  object space 68608K, 71% used [0x0000000080000000,0x0000000083007690,0x0000000084300000)
 Metaspace       used 51275K, committed 52672K, reserved 1114112K
  class space    used 5626K, committed 6272K, reserved 1048576K
}
Event: 11.818 GC heap after
{Heap after GC invocations=40 (full 2):
 PSYoungGen      total 13824K, used 760K [0x00000000d5580000, 0x00000000d6480000, 0x0000000100000000)
  eden space 12800K, 0% used [0x00000000d5580000,0x00000000d5580000,0x00000000d6200000)
  from space 1024K, 74% used [0x00000000d6380000,0x00000000d643e2e8,0x00000000d6480000)
  to   space 1024K, 0% used [0x00000000d6280000,0x00000000d6280000,0x00000000d6380000)
 ParOldGen       total 68608K, used 50074K [0x0000000080000000, 0x0000000084300000, 0x00000000d5580000)
  object space 68608K, 72% used [0x0000000080000000,0x00000000830e6928,0x0000000084300000)
 Metaspace       used 51275K, committed 52672K, reserved 1114112K
  class space    used 5626K, committed 6272K, reserved 1048576K
}
Event: 12.189 GC heap before
{Heap before GC invocations=41 (full 2):
 PSYoungGen      total 13824K, used 13560K [0x00000000d5580000, 0x00000000d6480000, 0x0000000100000000)
  eden space 12800K, 100% used [0x00000000d5580000,0x00000000d6200000,0x00000000d6200000)
  from space 1024K, 74% used [0x00000000d6380000,0x00000000d643e2e8,0x00000000d6480000)
  to   space 1024K, 0% used [0x00000000d6280000,0x00000000d6280000,0x00000000d6380000)
 ParOldGen       total 68608K, used 50074K [0x0000000080000000, 0x0000000084300000, 0x00000000d5580000)
  object space 68608K, 72% used [0x0000000080000000,0x00000000830e6928,0x0000000084300000)
 Metaspace       used 51686K, committed 53056K, reserved 1114112K
  class space    used 5695K, committed 6336K, reserved 1048576K
}
Event: 12.192 GC heap after
{Heap after GC invocations=41 (full 2):
 PSYoungGen      total 13824K, used 288K [0x00000000d5580000, 0x00000000d6400000, 0x0000000100000000)
  eden space 12800K, 0% used [0x00000000d5580000,0x00000000d5580000,0x00000000d6200000)
  from space 1024K, 28% used [0x00000000d6280000,0x00000000d62c8000,0x00000000d6380000)
  to   space 512K, 0% used [0x00000000d6380000,0x00000000d6380000,0x00000000d6400000)
 ParOldGen       total 68608K, used 50700K [0x0000000080000000, 0x0000000084300000, 0x00000000d5580000)
  object space 68608K, 73% used [0x0000000080000000,0x0000000083183150,0x0000000084300000)
 Metaspace       used 51686K, committed 53056K, reserved 1114112K
  class space    used 5695K, committed 6336K, reserved 1048576K
}
Event: 12.618 GC heap before
{Heap before GC invocations=42 (full 2):
 PSYoungGen      total 13824K, used 13088K [0x00000000d5580000, 0x00000000d6400000, 0x0000000100000000)
  eden space 12800K, 100% used [0x00000000d5580000,0x00000000d6200000,0x00000000d6200000)
  from space 1024K, 28% used [0x00000000d6280000,0x00000000d62c8000,0x00000000d6380000)
  to   space 512K, 0% used [0x00000000d6380000,0x00000000d6380000,0x00000000d6400000)
 ParOldGen       total 68608K, used 50700K [0x0000000080000000, 0x0000000084300000, 0x00000000d5580000)
  object space 68608K, 73% used [0x0000000080000000,0x0000000083183150,0x0000000084300000)
 Metaspace       used 52426K, committed 53824K, reserved 1114112K
  class space    used 5765K, committed 6400K, reserved 1048576K
}
Event: 12.619 GC heap after
{Heap after GC invocations=42 (full 2):
 PSYoungGen      total 13312K, used 352K [0x00000000d5580000, 0x00000000d6400000, 0x0000000100000000)
  eden space 12800K, 0% used [0x00000000d5580000,0x00000000d5580000,0x00000000d6200000)
  from space 512K, 68% used [0x00000000d6380000,0x00000000d63d8010,0x00000000d6400000)
  to   space 512K, 0% used [0x00000000d6300000,0x00000000d6300000,0x00000000d6380000)
 ParOldGen       total 68608K, used 50844K [0x0000000080000000, 0x0000000084300000, 0x00000000d5580000)
  object space 68608K, 74% used [0x0000000080000000,0x00000000831a7150,0x0000000084300000)
 Metaspace       used 52426K, committed 53824K, reserved 1114112K
  class space    used 5765K, committed 6400K, reserved 1048576K
}
Event: 12.822 GC heap before
{Heap before GC invocations=43 (full 2):
 PSYoungGen      total 13312K, used 13152K [0x00000000d5580000, 0x00000000d6400000, 0x0000000100000000)
  eden space 12800K, 100% used [0x00000000d5580000,0x00000000d6200000,0x00000000d6200000)
  from space 512K, 68% used [0x00000000d6380000,0x00000000d63d8010,0x00000000d6400000)
  to   space 512K, 0% used [0x00000000d6300000,0x00000000d6300000,0x00000000d6380000)
 ParOldGen       total 68608K, used 50844K [0x0000000080000000, 0x0000000084300000, 0x00000000d5580000)
  object space 68608K, 74% used [0x0000000080000000,0x00000000831a7150,0x0000000084300000)
 Metaspace       used 53396K, committed 54784K, reserved 1114112K
  class space    used 5819K, committed 6464K, reserved 1048576K
}
Event: 12.825 GC heap after
{Heap after GC invocations=43 (full 2):
 PSYoungGen      total 13312K, used 495K [0x00000000d5580000, 0x00000000d6700000, 0x0000000100000000)
  eden space 12800K, 0% used [0x00000000d5580000,0x00000000d5580000,0x00000000d6200000)
  from space 512K, 96% used [0x00000000d6300000,0x00000000d637bfc8,0x00000000d6380000)
  to   space 2560K, 0% used [0x00000000d6480000,0x00000000d6480000,0x00000000d6700000)
 ParOldGen       total 68608K, used 52437K [0x0000000080000000, 0x0000000084300000, 0x00000000d5580000)
  object space 68608K, 76% used [0x0000000080000000,0x00000000833355f0,0x0000000084300000)
 Metaspace       used 53396K, committed 54784K, reserved 1114112K
  class space    used 5819K, committed 6464K, reserved 1048576K
}
Event: 12.901 GC heap before
{Heap before GC invocations=44 (full 2):
 PSYoungGen      total 13312K, used 13295K [0x00000000d5580000, 0x00000000d6700000, 0x0000000100000000)
  eden space 12800K, 100% used [0x00000000d5580000,0x00000000d6200000,0x00000000d6200000)
  from space 512K, 96% used [0x00000000d6300000,0x00000000d637bfc8,0x00000000d6380000)
  to   space 2560K, 0% used [0x00000000d6480000,0x00000000d6480000,0x00000000d6700000)
 ParOldGen       total 68608K, used 52437K [0x0000000080000000, 0x0000000084300000, 0x00000000d5580000)
  object space 68608K, 76% used [0x0000000080000000,0x00000000833355f0,0x0000000084300000)
 Metaspace       used 53412K, committed 54848K, reserved 1114112K
  class space    used 5819K, committed 6464K, reserved 1048576K
}
Event: 12.903 GC heap after
{Heap after GC invocations=44 (full 2):
 PSYoungGen      total 14336K, used 1226K [0x00000000d5580000, 0x00000000d6600000, 0x0000000100000000)
  eden space 12800K, 0% used [0x00000000d5580000,0x00000000d5580000,0x00000000d6200000)
  from space 1536K, 79% used [0x00000000d6480000,0x00000000d65b2bf8,0x00000000d6600000)
  to   space 1536K, 0% used [0x00000000d6300000,0x00000000d6300000,0x00000000d6480000)
 ParOldGen       total 68608K, used 52837K [0x0000000080000000, 0x0000000084300000, 0x00000000d5580000)
  object space 68608K, 77% used [0x0000000080000000,0x00000000833994d0,0x0000000084300000)
 Metaspace       used 53412K, committed 54848K, reserved 1114112K
  class space    used 5819K, committed 6464K, reserved 1048576K
}
Event: 12.941 GC heap before
{Heap before GC invocations=45 (full 2):
 PSYoungGen      total 14336K, used 14026K [0x00000000d5580000, 0x00000000d6600000, 0x0000000100000000)
  eden space 12800K, 100% used [0x00000000d5580000,0x00000000d6200000,0x00000000d6200000)
  from space 1536K, 79% used [0x00000000d6480000,0x00000000d65b2bf8,0x00000000d6600000)
  to   space 1536K, 0% used [0x00000000d6300000,0x00000000d6300000,0x00000000d6480000)
 ParOldGen       total 68608K, used 52837K [0x0000000080000000, 0x0000000084300000, 0x00000000d5580000)
  object space 68608K, 77% used [0x0000000080000000,0x00000000833994d0,0x0000000084300000)
 Metaspace       used 53419K, committed 54848K, reserved 1114112K
  class space    used 5819K, committed 6464K, reserved 1048576K
}
Event: 12.942 GC heap after
{Heap after GC invocations=45 (full 2):
 PSYoungGen      total 14336K, used 1126K [0x00000000d5580000, 0x00000000d6500000, 0x0000000100000000)
  eden space 12800K, 0% used [0x00000000d5580000,0x00000000d5580000,0x00000000d6200000)
  from space 1536K, 73% used [0x00000000d6300000,0x00000000d6419a20,0x00000000d6480000)
  to   space 512K, 0% used [0x00000000d6480000,0x00000000d6480000,0x00000000d6500000)
 ParOldGen       total 68608K, used 52861K [0x0000000080000000, 0x0000000084300000, 0x00000000d5580000)
  object space 68608K, 77% used [0x0000000080000000,0x000000008339f4d0,0x0000000084300000)
 Metaspace       used 53419K, committed 54848K, reserved 1114112K
  class space    used 5819K, committed 6464K, reserved 1048576K
}
Event: 13.244 GC heap before
{Heap before GC invocations=46 (full 2):
 PSYoungGen      total 14336K, used 13829K [0x00000000d5580000, 0x00000000d6500000, 0x0000000100000000)
  eden space 12800K, 99% used [0x00000000d5580000,0x00000000d61e7ab0,0x00000000d6200000)
  from space 1536K, 73% used [0x00000000d6300000,0x00000000d6419a20,0x00000000d6480000)
  to   space 512K, 0% used [0x00000000d6480000,0x00000000d6480000,0x00000000d6500000)
 ParOldGen       total 68608K, used 52861K [0x0000000080000000, 0x0000000084300000, 0x00000000d5580000)
  object space 68608K, 77% used [0x0000000080000000,0x000000008339f4d0,0x0000000084300000)
 Metaspace       used 55161K, committed 56576K, reserved 1114112K
  class space    used 5985K, committed 6656K, reserved 1048576K
}
Event: 13.246 GC heap after
{Heap after GC invocations=46 (full 2):
 PSYoungGen      total 13312K, used 480K [0x00000000d5580000, 0x00000000d6500000, 0x0000000100000000)
  eden space 12800K, 0% used [0x00000000d5580000,0x00000000d5580000,0x00000000d6200000)
  from space 512K, 93% used [0x00000000d6480000,0x00000000d64f8010,0x00000000d6500000)
  to   space 1024K, 0% used [0x00000000d6300000,0x00000000d6300000,0x00000000d6400000)
 ParOldGen       total 68608K, used 52877K [0x0000000080000000, 0x0000000084300000, 0x00000000d5580000)
  object space 68608K, 77% used [0x0000000080000000,0x00000000833a34d0,0x0000000084300000)
 Metaspace       used 55161K, committed 56576K, reserved 1114112K
  class space    used 5985K, committed 6656K, reserved 1048576K
}

