# JRE version: OpenJDK Runtime Environment Temurin-21.0.11+10 (21.0.11+10) (build 21.0.11+10-LTS)
# Java VM: OpenJDK 64-Bit Server VM Temurin-21.0.11+10 (21.0.11+10-LTS, mixed mode, sharing, tiered, compressed oops, compressed class ptrs, parallel gc, windows-amd64)
GC Precious Log:
 CardTable entry size: 512
 CPUs: 8 total, 8 available
 Memory: 7930M
 Large Page Support: Disabled
 NUMA Support: Disabled
 Compressed Oops: Enabled (32-bit)
 Alignments: Space 512K, Generation 512K, Heap 2M
 Heap Min Capacity: 100M
 Heap Initial Capacity: 100M
 Heap Max Capacity: 2G
 Pre-touch: Disabled
 Parallel Workers: 8
Heap:
 PSYoungGen      total 13312K, used 11437K [0x00000000d5580000, 0x00000000d6980000, 0x0000000100000000)
  eden space 12800K, 87% used [0x00000000d5580000,0x00000000d6063578,0x00000000d6200000)
  from space 512K, 56% used [0x00000000d6200000,0x00000000d6248000,0x00000000d6280000)
  to   space 3072K, 0% used [0x00000000d6680000,0x00000000d6680000,0x00000000d6980000)
 ParOldGen       total 1214976K, used 537070K [0x0000000080000000, 0x00000000ca280000, 0x00000000d5580000)
  object space 1214976K, 44% used [0x0000000080000000,0x00000000a0c7b838,0x00000000ca280000)
 Metaspace       used 82488K, committed 84224K, reserved 1179648K
  class space    used 8508K, committed 9280K, reserved 1048576K
GC Heap History (20 events):
Event: 1677.455 GC heap before
{Heap before GC invocations=1752 (full 4):
 PSYoungGen      total 16896K, used 16572K [0x00000000d5580000, 0x00000000d7900000, 0x0000000100000000)
  eden space 16384K, 99% used [0x00000000d5580000,0x00000000d6567148,0x00000000d6580000)
  from space 512K, 56% used [0x00000000d6a80000,0x00000000d6ac8000,0x00000000d6b00000)
  to   space 4096K, 0% used [0x00000000d7500000,0x00000000d7500000,0x00000000d7900000)
 ParOldGen       total 1214976K, used 484295K [0x0000000080000000, 0x00000000ca280000, 0x00000000d5580000)
  object space 1214976K, 39% used [0x0000000080000000,0x000000009d8f1dd8,0x00000000ca280000)
 Metaspace       used 82246K, committed 83968K, reserved 1179648K
  class space    used 8507K, committed 9280K, reserved 1048576K
}
Event: 1677.494 GC heap after
{Heap after GC invocations=1752 (full 4):
 PSYoungGen      total 16896K, used 4077K [0x00000000d5580000, 0x00000000d8b80000, 0x0000000100000000)
  eden space 12800K, 0% used [0x00000000d5580000,0x00000000d5580000,0x00000000d6200000)
  from space 4096K, 99% used [0x00000000d7500000,0x00000000d78fb680,0x00000000d7900000)
  to   space 19456K, 0% used [0x00000000d6200000,0x00000000d6200000,0x00000000d7500000)
 ParOldGen       total 1214976K, used 496599K [0x0000000080000000, 0x00000000ca280000, 0x00000000d5580000)
  object space 1214976K, 40% used [0x0000000080000000,0x000000009e4f5dd8,0x00000000ca280000)
 Metaspace       used 82246K, committed 83968K, reserved 1179648K
  class space    used 8507K, committed 9280K, reserved 1048576K
}
Event: 1677.547 GC heap before
{Heap before GC invocations=1753 (full 4):
 PSYoungGen      total 16896K, used 16877K [0x00000000d5580000, 0x00000000d8b80000, 0x0000000100000000)
  eden space 12800K, 100% used [0x00000000d5580000,0x00000000d6200000,0x00000000d6200000)
  from space 4096K, 99% used [0x00000000d7500000,0x00000000d78fb680,0x00000000d7900000)
  to   space 19456K, 0% used [0x00000000d6200000,0x00000000d6200000,0x00000000d7500000)
 ParOldGen       total 1214976K, used 496599K [0x0000000080000000, 0x00000000ca280000, 0x00000000d5580000)
  object space 1214976K, 40% used [0x0000000080000000,0x000000009e4f5dd8,0x00000000ca280000)
 Metaspace       used 82246K, committed 83968K, reserved 1179648K
  class space    used 8507K, committed 9280K, reserved 1048576K
}
Event: 1677.554 GC heap after
{Heap after GC invocations=1753 (full 4):
 PSYoungGen      total 20480K, used 7497K [0x00000000d5580000, 0x00000000d7700000, 0x0000000100000000)
  eden space 12800K, 0% used [0x00000000d5580000,0x00000000d5580000,0x00000000d6200000)
  from space 7680K, 97% used [0x00000000d6200000,0x00000000d6952638,0x00000000d6980000)
  to   space 10752K, 0% used [0x00000000d6c80000,0x00000000d6c80000,0x00000000d7700000)
 ParOldGen       total 1214976K, used 497639K [0x0000000080000000, 0x00000000ca280000, 0x00000000d5580000)
  object space 1214976K, 40% used [0x0000000080000000,0x000000009e5f9de8,0x00000000ca280000)
 Metaspace       used 82246K, committed 83968K, reserved 1179648K
  class space    used 8507K, committed 9280K, reserved 1048576K
}
Event: 1677.610 GC heap before
{Heap before GC invocations=1754 (full 4):
 PSYoungGen      total 20480K, used 19997K [0x00000000d5580000, 0x00000000d7700000, 0x0000000100000000)
  eden space 12800K, 97% used [0x00000000d5580000,0x00000000d61b50d8,0x00000000d6200000)
  from space 7680K, 97% used [0x00000000d6200000,0x00000000d6952638,0x00000000d6980000)
  to   space 10752K, 0% used [0x00000000d6c80000,0x00000000d6c80000,0x00000000d7700000)
 ParOldGen       total 1214976K, used 497639K [0x0000000080000000, 0x00000000ca280000, 0x00000000d5580000)
  object space 1214976K, 40% used [0x0000000080000000,0x000000009e5f9de8,0x00000000ca280000)
 Metaspace       used 82272K, committed 83968K, reserved 1179648K
  class space    used 8507K, committed 9280K, reserved 1048576K
}
Event: 1677.616 GC heap after
{Heap after GC invocations=1754 (full 4):
 PSYoungGen      total 22528K, used 9513K [0x00000000d5580000, 0x00000000d7600000, 0x0000000100000000)
  eden space 12800K, 0% used [0x00000000d5580000,0x00000000d5580000,0x00000000d6200000)
  from space 9728K, 97% used [0x00000000d6c80000,0x00000000d75ca7a0,0x00000000d7600000)
  to   space 10240K, 0% used [0x00000000d6200000,0x00000000d6200000,0x00000000d6c00000)
 ParOldGen       total 1214976K, used 497799K [0x0000000080000000, 0x00000000ca280000, 0x00000000d5580000)
  object space 1214976K, 40% used [0x0000000080000000,0x000000009e621df8,0x00000000ca280000)
 Metaspace       used 82272K, committed 83968K, reserved 1179648K
  class space    used 8507K, committed 9280K, reserved 1048576K
}
Event: 1679.565 GC heap before
{Heap before GC invocations=1755 (full 4):
 PSYoungGen      total 22528K, used 22313K [0x00000000d5580000, 0x00000000d7600000, 0x0000000100000000)
  eden space 12800K, 99% used [0x00000000d5580000,0x00000000d61fffc0,0x00000000d6200000)
  from space 9728K, 97% used [0x00000000d6c80000,0x00000000d75ca7a0,0x00000000d7600000)
  to   space 10240K, 0% used [0x00000000d6200000,0x00000000d6200000,0x00000000d6c00000)
 ParOldGen       total 1214976K, used 497799K [0x0000000080000000, 0x00000000ca280000, 0x00000000d5580000)
  object space 1214976K, 40% used [0x0000000080000000,0x000000009e621df8,0x00000000ca280000)
 Metaspace       used 82280K, committed 83968K, reserved 1179648K
  class space    used 8507K, committed 9280K, reserved 1048576K
}
Event: 1679.648 GC heap after
{Heap after GC invocations=1755 (full 4):
 PSYoungGen      total 15872K, used 2665K [0x00000000d5580000, 0x00000000d6d00000, 0x0000000100000000)
  eden space 12800K, 0% used [0x00000000d5580000,0x00000000d5580000,0x00000000d6200000)
  from space 3072K, 86% used [0x00000000d6200000,0x00000000d649a420,0x00000000d6500000)
  to   space 5632K, 0% used [0x00000000d6780000,0x00000000d6780000,0x00000000d6d00000)
 ParOldGen       total 1214976K, used 506753K [0x0000000080000000, 0x00000000ca280000, 0x00000000d5580000)
  object space 1214976K, 41% used [0x0000000080000000,0x000000009eee0598,0x00000000ca280000)
 Metaspace       used 82280K, committed 83968K, reserved 1179648K
  class space    used 8507K, committed 9280K, reserved 1048576K
}
Event: 1682.493 GC heap before
{Heap before GC invocations=1756 (full 4):
 PSYoungGen      total 15872K, used 15464K [0x00000000d5580000, 0x00000000d6d00000, 0x0000000100000000)
  eden space 12800K, 99% used [0x00000000d5580000,0x00000000d61ffdb0,0x00000000d6200000)
  from space 3072K, 86% used [0x00000000d6200000,0x00000000d649a420,0x00000000d6500000)
  to   space 5632K, 0% used [0x00000000d6780000,0x00000000d6780000,0x00000000d6d00000)
 ParOldGen       total 1214976K, used 506753K [0x0000000080000000, 0x00000000ca280000, 0x00000000d5580000)
  object space 1214976K, 41% used [0x0000000080000000,0x000000009eee0598,0x00000000ca280000)
 Metaspace       used 82353K, committed 84032K, reserved 1179648K
  class space    used 8507K, committed 9280K, reserved 1048576K
}
Event: 1682.501 GC heap after
{Heap after GC invocations=1756 (full 4):
 PSYoungGen      total 13824K, used 814K [0x00000000d5580000, 0x00000000d6880000, 0x0000000100000000)
  eden space 12800K, 0% used [0x00000000d5580000,0x00000000d5580000,0x00000000d6200000)
  from space 1024K, 79% used [0x00000000d6780000,0x00000000d684bb00,0x00000000d6880000)
  to   space 2048K, 0% used [0x00000000d6480000,0x00000000d6480000,0x00000000d6680000)
 ParOldGen       total 1214976K, used 508113K [0x0000000080000000, 0x00000000ca280000, 0x00000000d5580000)
  object space 1214976K, 41% used [0x0000000080000000,0x000000009f034598,0x00000000ca280000)
 Metaspace       used 82353K, committed 84032K, reserved 1179648K
  class space    used 8507K, committed 9280K, reserved 1048576K
}
Event: 1683.072 GC heap before
{Heap before GC invocations=1757 (full 4):
 PSYoungGen      total 13824K, used 13614K [0x00000000d5580000, 0x00000000d6880000, 0x0000000100000000)
  eden space 12800K, 100% used [0x00000000d5580000,0x00000000d6200000,0x00000000d6200000)
  from space 1024K, 79% used [0x00000000d6780000,0x00000000d684bb00,0x00000000d6880000)
  to   space 2048K, 0% used [0x00000000d6480000,0x00000000d6480000,0x00000000d6680000)
 ParOldGen       total 1214976K, used 508113K [0x0000000080000000, 0x00000000ca280000, 0x00000000d5580000)
  object space 1214976K, 41% used [0x0000000080000000,0x000000009f034598,0x00000000ca280000)
 Metaspace       used 82369K, committed 84096K, reserved 1179648K
  class space    used 8508K, committed 9280K, reserved 1048576K
}
Event: 1683.107 GC heap after
{Heap after GC invocations=1757 (full 4):
 PSYoungGen      total 14848K, used 2031K [0x00000000d5580000, 0x00000000d7900000, 0x0000000100000000)
  eden space 12800K, 0% used [0x00000000d5580000,0x00000000d5580000,0x00000000d6200000)
  from space 2048K, 99% used [0x00000000d6480000,0x00000000d667bda0,0x00000000d6680000)
  to   space 11776K, 0% used [0x00000000d6d80000,0x00000000d6d80000,0x00000000d7900000)
 ParOldGen       total 1214976K, used 516165K [0x0000000080000000, 0x00000000ca280000, 0x00000000d5580000)
  object space 1214976K, 42% used [0x0000000080000000,0x000000009f811548,0x00000000ca280000)
 Metaspace       used 82369K, committed 84096K, reserved 1179648K
  class space    used 8508K, committed 9280K, reserved 1048576K
}
Event: 1683.147 GC heap before
{Heap before GC invocations=1758 (full 4):
 PSYoungGen      total 14848K, used 14794K [0x00000000d5580000, 0x00000000d7900000, 0x0000000100000000)
  eden space 12800K, 99% used [0x00000000d5580000,0x00000000d61f6dd8,0x00000000d6200000)
  from space 2048K, 99% used [0x00000000d6480000,0x00000000d667bda0,0x00000000d6680000)
  to   space 11776K, 0% used [0x00000000d6d80000,0x00000000d6d80000,0x00000000d7900000)
 ParOldGen       total 1214976K, used 516165K [0x0000000080000000, 0x00000000ca280000, 0x00000000d5580000)
  object space 1214976K, 42% used [0x0000000080000000,0x000000009f811548,0x00000000ca280000)
 Metaspace       used 82374K, committed 84096K, reserved 1179648K
  class space    used 8508K, committed 9280K, reserved 1048576K
}
Event: 1683.162 GC heap after
{Heap after GC invocations=1758 (full 4):
 PSYoungGen      total 23552K, used 10582K [0x00000000d5580000, 0x00000000d7800000, 0x0000000100000000)
  eden space 12800K, 0% used [0x00000000d5580000,0x00000000d5580000,0x00000000d6200000)
  from space 10752K, 98% used [0x00000000d6d80000,0x00000000d77d5a80,0x00000000d7800000)
  to   space 11264K, 0% used [0x00000000d6200000,0x00000000d6200000,0x00000000d6d00000)
 ParOldGen       total 1214976K, used 518812K [0x0000000080000000, 0x00000000ca280000, 0x00000000d5580000)
  object space 1214976K, 42% used [0x0000000080000000,0x000000009faa7098,0x00000000ca280000)
 Metaspace       used 82374K, committed 84096K, reserved 1179648K
  class space    used 8508K, committed 9280K, reserved 1048576K
}
Event: 1683.230 GC heap before
{Heap before GC invocations=1759 (full 4):
 PSYoungGen      total 23552K, used 23382K [0x00000000d5580000, 0x00000000d7800000, 0x0000000100000000)
  eden space 12800K, 100% used [0x00000000d5580000,0x00000000d6200000,0x00000000d6200000)
  from space 10752K, 98% used [0x00000000d6d80000,0x00000000d77d5a80,0x00000000d7800000)
  to   space 11264K, 0% used [0x00000000d6200000,0x00000000d6200000,0x00000000d6d00000)
 ParOldGen       total 1214976K, used 518812K [0x0000000080000000, 0x00000000ca280000, 0x00000000d5580000)
  object space 1214976K, 42% used [0x0000000080000000,0x000000009faa7098,0x00000000ca280000)
 Metaspace       used 82380K, committed 84096K, reserved 1179648K
  class space    used 8508K, committed 9280K, reserved 1048576K
}
Event: 1683.260 GC heap after
{Heap after GC invocations=1759 (full 4):
 PSYoungGen      total 17920K, used 4777K [0x00000000d5580000, 0x00000000d7000000, 0x0000000100000000)
  eden space 12800K, 0% used [0x00000000d5580000,0x00000000d5580000,0x00000000d6200000)
  from space 5120K, 93% used [0x00000000d6200000,0x00000000d66aa7a0,0x00000000d6700000)
  to   space 7168K, 0% used [0x00000000d6900000,0x00000000d6900000,0x00000000d7000000)
 ParOldGen       total 1214976K, used 526124K [0x0000000080000000, 0x00000000ca280000, 0x00000000d5580000)
  object space 1214976K, 43% used [0x0000000080000000,0x00000000a01cb098,0x00000000ca280000)
 Metaspace       used 82380K, committed 84096K, reserved 1179648K
  class space    used 8508K, committed 9280K, reserved 1048576K
}
Event: 1683.771 GC heap before
{Heap before GC invocations=1760 (full 4):
 PSYoungGen      total 17920K, used 17577K [0x00000000d5580000, 0x00000000d7000000, 0x0000000100000000)
  eden space 12800K, 99% used [0x00000000d5580000,0x00000000d61fffe8,0x00000000d6200000)
  from space 5120K, 93% used [0x00000000d6200000,0x00000000d66aa7a0,0x00000000d6700000)
  to   space 7168K, 0% used [0x00000000d6900000,0x00000000d6900000,0x00000000d7000000)
 ParOldGen       total 1214976K, used 526124K [0x0000000080000000, 0x00000000ca280000, 0x00000000d5580000)
  object space 1214976K, 43% used [0x0000000080000000,0x00000000a01cb098,0x00000000ca280000)
 Metaspace       used 82386K, committed 84096K, reserved 1179648K
  class space    used 8508K, committed 9280K, reserved 1048576K
}
Event: 1683.791 GC heap after
{Heap after GC invocations=1760 (full 4):
 PSYoungGen      total 19968K, used 6644K [0x00000000d5580000, 0x00000000d7000000, 0x0000000100000000)
  eden space 12800K, 0% used [0x00000000d5580000,0x00000000d5580000,0x00000000d6200000)
  from space 7168K, 92% used [0x00000000d6900000,0x00000000d6f7d200,0x00000000d7000000)
  to   space 7168K, 0% used [0x00000000d6200000,0x00000000d6200000,0x00000000d6900000)
 ParOldGen       total 1214976K, used 530734K [0x0000000080000000, 0x00000000ca280000, 0x00000000d5580000)
  object space 1214976K, 43% used [0x0000000080000000,0x00000000a064b838,0x00000000ca280000)
 Metaspace       used 82386K, committed 84096K, reserved 1179648K
  class space    used 8508K, committed 9280K, reserved 1048576K
}
Event: 1684.351 GC heap before
{Heap before GC invocations=1761 (full 4):
 PSYoungGen      total 19968K, used 19441K [0x00000000d5580000, 0x00000000d7000000, 0x0000000100000000)
  eden space 12800K, 99% used [0x00000000d5580000,0x00000000d61ff2d8,0x00000000d6200000)
  from space 7168K, 92% used [0x00000000d6900000,0x00000000d6f7d200,0x00000000d7000000)
  to   space 7168K, 0% used [0x00000000d6200000,0x00000000d6200000,0x00000000d6900000)
 ParOldGen       total 1214976K, used 530734K [0x0000000080000000, 0x00000000ca280000, 0x00000000d5580000)
  object space 1214976K, 43% used [0x0000000080000000,0x00000000a064b838,0x00000000ca280000)
 Metaspace       used 82404K, committed 84160K, reserved 1179648K
  class space    used 8508K, committed 9280K, reserved 1048576K
}
Event: 1684.383 GC heap after
{Heap after GC invocations=1761 (full 4):
 PSYoungGen      total 13312K, used 288K [0x00000000d5580000, 0x00000000d6980000, 0x0000000100000000)
  eden space 12800K, 0% used [0x00000000d5580000,0x00000000d5580000,0x00000000d6200000)
  from space 512K, 56% used [0x00000000d6200000,0x00000000d6248000,0x00000000d6280000)
  to   space 3072K, 0% used [0x00000000d6680000,0x00000000d6680000,0x00000000d6980000)
 ParOldGen       total 1214976K, used 537070K [0x0000000080000000, 0x00000000ca280000, 0x00000000d5580000)
  object space 1214976K, 44% used [0x0000000080000000,0x00000000a0c7b838,0x00000000ca280000)
 Metaspace       used 82404K, committed 84160K, reserved 1179648K
  class space    used 8508K, committed 9280K, reserved 1048576K
}

