# JRE version: OpenJDK Runtime Environment Temurin-21.0.11+10 (21.0.11+10) (build 21.0.11+10-LTS)
# Java VM: OpenJDK 64-Bit Server VM Temurin-21.0.11+10 (21.0.11+10-LTS, mixed mode, sharing, tiered, compressed oops, compressed class ptrs, parallel gc, windows-amd64)
GC Precious Log:
 CardTable entry size: 512
 CPUs: 8 total, 8 available
 Memory: 7930M
 Large Page Support: Disabled
 NUMA Support: Disabled
 Compressed Oops: Enabled (32-bit)
 Alignments: Space 512K, Generation 512K, Heap 2M
 Heap Min Capacity: 100M
 Heap Initial Capacity: 100M
 Heap Max Capacity: 2G
 Pre-touch: Disabled
 Parallel Workers: 8
Heap:
 PSYoungGen      total 2048K, used 1487K [0x00000000d5580000, 0x00000000d5880000, 0x0000000100000000)
  eden space 1536K, 73% used [0x00000000d5580000,0x00000000d569bd50,0x00000000d5700000)
  from space 512K, 68% used [0x00000000d5780000,0x00000000d57d8000,0x00000000d5800000)
  to   space 512K, 0% used [0x00000000d5800000,0x00000000d5800000,0x00000000d5880000)
 ParOldGen       total 229888K, used 76399K [0x0000000080000000, 0x000000008e080000, 0x00000000d5580000)
  object space 229888K, 33% used [0x0000000080000000,0x0000000084a9bf80,0x000000008e080000)
 Metaspace       used 81268K, committed 83136K, reserved 1179648K
  class space    used 8462K, committed 9344K, reserved 1048576K
GC Heap History (20 events):
Event: 4362.997 GC heap before
{Heap before GC invocations=266 (full 4):
 PSYoungGen      total 2048K, used 1536K [0x00000000d5580000, 0x00000000d5880000, 0x0000000100000000)
  eden space 1536K, 100% used [0x00000000d5580000,0x00000000d5700000,0x00000000d5700000)
  from space 512K, 0% used [0x00000000d5780000,0x00000000d5780000,0x00000000d5800000)
  to   space 512K, 0% used [0x00000000d5800000,0x00000000d5800000,0x00000000d5880000)
 ParOldGen       total 229888K, used 74947K [0x0000000080000000, 0x000000008e080000, 0x00000000d5580000)
  object space 229888K, 32% used [0x0000000080000000,0x0000000084930ff8,0x000000008e080000)
 Metaspace       used 80762K, committed 82944K, reserved 1179648K
  class space    used 8413K, committed 9344K, reserved 1048576K
}
Event: 4362.998 GC heap after
{Heap after GC invocations=266 (full 4):
 PSYoungGen      total 2048K, used 192K [0x00000000d5580000, 0x00000000d5880000, 0x0000000100000000)
  eden space 1536K, 0% used [0x00000000d5580000,0x00000000d5580000,0x00000000d5700000)
  from space 512K, 37% used [0x00000000d5800000,0x00000000d5830000,0x00000000d5880000)
  to   space 512K, 0% used [0x00000000d5780000,0x00000000d5780000,0x00000000d5800000)
 ParOldGen       total 229888K, used 74955K [0x0000000080000000, 0x000000008e080000, 0x00000000d5580000)
  object space 229888K, 32% used [0x0000000080000000,0x0000000084932ff8,0x000000008e080000)
 Metaspace       used 80762K, committed 82944K, reserved 1179648K
  class space    used 8413K, committed 9344K, reserved 1048576K
}
Event: 4489.218 GC heap before
{Heap before GC invocations=267 (full 4):
 PSYoungGen      total 2048K, used 1728K [0x00000000d5580000, 0x00000000d5880000, 0x0000000100000000)
  eden space 1536K, 100% used [0x00000000d5580000,0x00000000d5700000,0x00000000d5700000)
  from space 512K, 37% used [0x00000000d5800000,0x00000000d5830000,0x00000000d5880000)
  to   space 512K, 0% used [0x00000000d5780000,0x00000000d5780000,0x00000000d5800000)
 ParOldGen       total 229888K, used 74955K [0x0000000080000000, 0x000000008e080000, 0x00000000d5580000)
  object space 229888K, 32% used [0x0000000080000000,0x0000000084932ff8,0x000000008e080000)
 Metaspace       used 80803K, committed 82944K, reserved 1179648K
  class space    used 8420K, committed 9344K, reserved 1048576K
}
Event: 4489.242 GC heap after
{Heap after GC invocations=267 (full 4):
 PSYoungGen      total 2048K, used 256K [0x00000000d5580000, 0x00000000d5880000, 0x0000000100000000)
  eden space 1536K, 0% used [0x00000000d5580000,0x00000000d5580000,0x00000000d5700000)
  from space 512K, 50% used [0x00000000d5780000,0x00000000d57c0000,0x00000000d5800000)
  to   space 512K, 0% used [0x00000000d5800000,0x00000000d5800000,0x00000000d5880000)
 ParOldGen       total 229888K, used 74995K [0x0000000080000000, 0x000000008e080000, 0x00000000d5580000)
  object space 229888K, 32% used [0x0000000080000000,0x000000008493cff8,0x000000008e080000)
 Metaspace       used 80803K, committed 82944K, reserved 1179648K
  class space    used 8420K, committed 9344K, reserved 1048576K
}
Event: 4542.112 GC heap before
{Heap before GC invocations=268 (full 4):
 PSYoungGen      total 2048K, used 1791K [0x00000000d5580000, 0x00000000d5880000, 0x0000000100000000)
  eden space 1536K, 99% used [0x00000000d5580000,0x00000000d56fff80,0x00000000d5700000)
  from space 512K, 50% used [0x00000000d5780000,0x00000000d57c0000,0x00000000d5800000)
  to   space 512K, 0% used [0x00000000d5800000,0x00000000d5800000,0x00000000d5880000)
 ParOldGen       total 229888K, used 74995K [0x0000000080000000, 0x000000008e080000, 0x00000000d5580000)
  object space 229888K, 32% used [0x0000000080000000,0x000000008493cff8,0x000000008e080000)
 Metaspace       used 80985K, committed 83072K, reserved 1179648K
  class space    used 8442K, committed 9344K, reserved 1048576K
}
Event: 4542.116 GC heap after
{Heap after GC invocations=268 (full 4):
 PSYoungGen      total 2048K, used 192K [0x00000000d5580000, 0x00000000d5880000, 0x0000000100000000)
  eden space 1536K, 0% used [0x00000000d5580000,0x00000000d5580000,0x00000000d5700000)
  from space 512K, 37% used [0x00000000d5800000,0x00000000d5830000,0x00000000d5880000)
  to   space 512K, 0% used [0x00000000d5780000,0x00000000d5780000,0x00000000d5800000)
 ParOldGen       total 229888K, used 75035K [0x0000000080000000, 0x000000008e080000, 0x00000000d5580000)
  object space 229888K, 32% used [0x0000000080000000,0x0000000084946ff8,0x000000008e080000)
 Metaspace       used 80985K, committed 83072K, reserved 1179648K
  class space    used 8442K, committed 9344K, reserved 1048576K
}
Event: 4542.244 GC heap before
{Heap before GC invocations=269 (full 4):
 PSYoungGen      total 2048K, used 1728K [0x00000000d5580000, 0x00000000d5880000, 0x0000000100000000)
  eden space 1536K, 100% used [0x00000000d5580000,0x00000000d5700000,0x00000000d5700000)
  from space 512K, 37% used [0x00000000d5800000,0x00000000d5830000,0x00000000d5880000)
  to   space 512K, 0% used [0x00000000d5780000,0x00000000d5780000,0x00000000d5800000)
 ParOldGen       total 229888K, used 75035K [0x0000000080000000, 0x000000008e080000, 0x00000000d5580000)
  object space 229888K, 32% used [0x0000000080000000,0x0000000084946ff8,0x000000008e080000)
 Metaspace       used 81127K, committed 83072K, reserved 1179648K
  class space    used 8454K, committed 9344K, reserved 1048576K
}
Event: 4542.247 GC heap after
{Heap after GC invocations=269 (full 4):
 PSYoungGen      total 2048K, used 384K [0x00000000d5580000, 0x00000000d5880000, 0x0000000100000000)
  eden space 1536K, 0% used [0x00000000d5580000,0x00000000d5580000,0x00000000d5700000)
  from space 512K, 75% used [0x00000000d5780000,0x00000000d57e0000,0x00000000d5800000)
  to   space 512K, 0% used [0x00000000d5800000,0x00000000d5800000,0x00000000d5880000)
 ParOldGen       total 229888K, used 75156K [0x0000000080000000, 0x000000008e080000, 0x00000000d5580000)
  object space 229888K, 32% used [0x0000000080000000,0x0000000084965008,0x000000008e080000)
 Metaspace       used 81127K, committed 83072K, reserved 1179648K
  class space    used 8454K, committed 9344K, reserved 1048576K
}
Event: 4572.291 GC heap before
{Heap before GC invocations=270 (full 4):
 PSYoungGen      total 2048K, used 1920K [0x00000000d5580000, 0x00000000d5880000, 0x0000000100000000)
  eden space 1536K, 100% used [0x00000000d5580000,0x00000000d5700000,0x00000000d5700000)
  from space 512K, 75% used [0x00000000d5780000,0x00000000d57e0000,0x00000000d5800000)
  to   space 512K, 0% used [0x00000000d5800000,0x00000000d5800000,0x00000000d5880000)
 ParOldGen       total 229888K, used 75156K [0x0000000080000000, 0x000000008e080000, 0x00000000d5580000)
  object space 229888K, 32% used [0x0000000080000000,0x0000000084965008,0x000000008e080000)
 Metaspace       used 81172K, committed 83136K, reserved 1179648K
  class space    used 8462K, committed 9344K, reserved 1048576K
}
Event: 4572.296 GC heap after
{Heap after GC invocations=270 (full 4):
 PSYoungGen      total 2048K, used 384K [0x00000000d5580000, 0x00000000d5880000, 0x0000000100000000)
  eden space 1536K, 0% used [0x00000000d5580000,0x00000000d5580000,0x00000000d5700000)
  from space 512K, 75% used [0x00000000d5800000,0x00000000d5860020,0x00000000d5880000)
  to   space 512K, 0% used [0x00000000d5780000,0x00000000d5780000,0x00000000d5800000)
 ParOldGen       total 229888K, used 75394K [0x0000000080000000, 0x000000008e080000, 0x00000000d5580000)
  object space 229888K, 32% used [0x0000000080000000,0x00000000849a0828,0x000000008e080000)
 Metaspace       used 81172K, committed 83136K, reserved 1179648K
  class space    used 8462K, committed 9344K, reserved 1048576K
}
Event: 4572.485 GC heap before
{Heap before GC invocations=271 (full 4):
 PSYoungGen      total 2048K, used 1920K [0x00000000d5580000, 0x00000000d5880000, 0x0000000100000000)
  eden space 1536K, 100% used [0x00000000d5580000,0x00000000d5700000,0x00000000d5700000)
  from space 512K, 75% used [0x00000000d5800000,0x00000000d5860020,0x00000000d5880000)
  to   space 512K, 0% used [0x00000000d5780000,0x00000000d5780000,0x00000000d5800000)
 ParOldGen       total 229888K, used 75394K [0x0000000080000000, 0x000000008e080000, 0x00000000d5580000)
  object space 229888K, 32% used [0x0000000080000000,0x00000000849a0828,0x000000008e080000)
 Metaspace       used 81172K, committed 83136K, reserved 1179648K
  class space    used 8462K, committed 9344K, reserved 1048576K
}
Event: 4572.487 GC heap after
{Heap after GC invocations=271 (full 4):
 PSYoungGen      total 2048K, used 506K [0x00000000d5580000, 0x00000000d5900000, 0x0000000100000000)
  eden space 1536K, 0% used [0x00000000d5580000,0x00000000d5580000,0x00000000d5700000)
  from space 512K, 98% used [0x00000000d5780000,0x00000000d57fe900,0x00000000d5800000)
  to   space 1024K, 0% used [0x00000000d5800000,0x00000000d5800000,0x00000000d5900000)
 ParOldGen       total 229888K, used 75583K [0x0000000080000000, 0x000000008e080000, 0x00000000d5580000)
  object space 229888K, 32% used [0x0000000080000000,0x00000000849cfd60,0x000000008e080000)
 Metaspace       used 81172K, committed 83136K, reserved 1179648K
  class space    used 8462K, committed 9344K, reserved 1048576K
}
Event: 4572.645 GC heap before
{Heap before GC invocations=272 (full 4):
 PSYoungGen      total 2048K, used 2042K [0x00000000d5580000, 0x00000000d5900000, 0x0000000100000000)
  eden space 1536K, 100% used [0x00000000d5580000,0x00000000d5700000,0x00000000d5700000)
  from space 512K, 98% used [0x00000000d5780000,0x00000000d57fe900,0x00000000d5800000)
  to   space 1024K, 0% used [0x00000000d5800000,0x00000000d5800000,0x00000000d5900000)
 ParOldGen       total 229888K, used 75583K [0x0000000080000000, 0x000000008e080000, 0x00000000d5580000)
  object space 229888K, 32% used [0x0000000080000000,0x00000000849cfd60,0x000000008e080000)
 Metaspace       used 81173K, committed 83136K, reserved 1179648K
  class space    used 8462K, committed 9344K, reserved 1048576K
}
Event: 4572.647 GC heap after
{Heap after GC invocations=272 (full 4):
 PSYoungGen      total 2048K, used 320K [0x00000000d5580000, 0x00000000d5880000, 0x0000000100000000)
  eden space 1536K, 0% used [0x00000000d5580000,0x00000000d5580000,0x00000000d5700000)
  from space 512K, 62% used [0x00000000d5800000,0x00000000d5850000,0x00000000d5880000)
  to   space 512K, 0% used [0x00000000d5780000,0x00000000d5780000,0x00000000d5800000)
 ParOldGen       total 229888K, used 75987K [0x0000000080000000, 0x000000008e080000, 0x00000000d5580000)
  object space 229888K, 33% used [0x0000000080000000,0x0000000084a34f70,0x000000008e080000)
 Metaspace       used 81173K, committed 83136K, reserved 1179648K
  class space    used 8462K, committed 9344K, reserved 1048576K
}
Event: 4572.660 GC heap before
{Heap before GC invocations=273 (full 4):
 PSYoungGen      total 2048K, used 1856K [0x00000000d5580000, 0x00000000d5880000, 0x0000000100000000)
  eden space 1536K, 100% used [0x00000000d5580000,0x00000000d5700000,0x00000000d5700000)
  from space 512K, 62% used [0x00000000d5800000,0x00000000d5850000,0x00000000d5880000)
  to   space 512K, 0% used [0x00000000d5780000,0x00000000d5780000,0x00000000d5800000)
 ParOldGen       total 229888K, used 75987K [0x0000000080000000, 0x000000008e080000, 0x00000000d5580000)
  object space 229888K, 33% used [0x0000000080000000,0x0000000084a34f70,0x000000008e080000)
 Metaspace       used 81173K, committed 83136K, reserved 1179648K
  class space    used 8462K, committed 9344K, reserved 1048576K
}
Event: 4572.662 GC heap after
{Heap after GC invocations=273 (full 4):
 PSYoungGen      total 2048K, used 352K [0x00000000d5580000, 0x00000000d5880000, 0x0000000100000000)
  eden space 1536K, 0% used [0x00000000d5580000,0x00000000d5580000,0x00000000d5700000)
  from space 512K, 68% used [0x00000000d5780000,0x00000000d57d8000,0x00000000d5800000)
  to   space 512K, 0% used [0x00000000d5800000,0x00000000d5800000,0x00000000d5880000)
 ParOldGen       total 229888K, used 76179K [0x0000000080000000, 0x000000008e080000, 0x00000000d5580000)
  object space 229888K, 33% used [0x0000000080000000,0x0000000084a64f70,0x000000008e080000)
 Metaspace       used 81173K, committed 83136K, reserved 1179648K
  class space    used 8462K, committed 9344K, reserved 1048576K
}
Event: 4572.674 GC heap before
{Heap before GC invocations=274 (full 4):
 PSYoungGen      total 2048K, used 1888K [0x00000000d5580000, 0x00000000d5880000, 0x0000000100000000)
  eden space 1536K, 100% used [0x00000000d5580000,0x00000000d5700000,0x00000000d5700000)
  from space 512K, 68% used [0x00000000d5780000,0x00000000d57d8000,0x00000000d5800000)
  to   space 512K, 0% used [0x00000000d5800000,0x00000000d5800000,0x00000000d5880000)
 ParOldGen       total 229888K, used 76179K [0x0000000080000000, 0x000000008e080000, 0x00000000d5580000)
  object space 229888K, 33% used [0x0000000080000000,0x0000000084a64f70,0x000000008e080000)
 Metaspace       used 81179K, committed 83136K, reserved 1179648K
  class space    used 8462K, committed 9344K, reserved 1048576K
}
Event: 4572.675 GC heap after
{Heap after GC invocations=274 (full 4):
 PSYoungGen      total 2048K, used 288K [0x00000000d5580000, 0x00000000d5880000, 0x0000000100000000)
  eden space 1536K, 0% used [0x00000000d5580000,0x00000000d5580000,0x00000000d5700000)
  from space 512K, 56% used [0x00000000d5800000,0x00000000d5848000,0x00000000d5880000)
  to   space 512K, 0% used [0x00000000d5780000,0x00000000d5780000,0x00000000d5800000)
 ParOldGen       total 229888K, used 76255K [0x0000000080000000, 0x000000008e080000, 0x00000000d5580000)
  object space 229888K, 33% used [0x0000000080000000,0x0000000084a77f80,0x000000008e080000)
 Metaspace       used 81179K, committed 83136K, reserved 1179648K
  class space    used 8462K, committed 9344K, reserved 1048576K
}
Event: 4572.728 GC heap before
{Heap before GC invocations=275 (full 4):
 PSYoungGen      total 2048K, used 1824K [0x00000000d5580000, 0x00000000d5880000, 0x0000000100000000)
  eden space 1536K, 100% used [0x00000000d5580000,0x00000000d5700000,0x00000000d5700000)
  from space 512K, 56% used [0x00000000d5800000,0x00000000d5848000,0x00000000d5880000)
  to   space 512K, 0% used [0x00000000d5780000,0x00000000d5780000,0x00000000d5800000)
 ParOldGen       total 229888K, used 76255K [0x0000000080000000, 0x000000008e080000, 0x00000000d5580000)
  object space 229888K, 33% used [0x0000000080000000,0x0000000084a77f80,0x000000008e080000)
 Metaspace       used 81193K, committed 83136K, reserved 1179648K
  class space    used 8462K, committed 9344K, reserved 1048576K
}
Event: 4572.730 GC heap after
{Heap after GC invocations=275 (full 4):
 PSYoungGen      total 2048K, used 352K [0x00000000d5580000, 0x00000000d5880000, 0x0000000100000000)
  eden space 1536K, 0% used [0x00000000d5580000,0x00000000d5580000,0x00000000d5700000)
  from space 512K, 68% used [0x00000000d5780000,0x00000000d57d8000,0x00000000d5800000)
  to   space 512K, 0% used [0x00000000d5800000,0x00000000d5800000,0x00000000d5880000)
 ParOldGen       total 229888K, used 76399K [0x0000000080000000, 0x000000008e080000, 0x00000000d5580000)
  object space 229888K, 33% used [0x0000000080000000,0x0000000084a9bf80,0x000000008e080000)
 Metaspace       used 81193K, committed 83136K, reserved 1179648K
  class space    used 8462K, committed 9344K, reserved 1048576K
}

