# JRE version: OpenJDK Runtime Environment Temurin-21.0.11+10 (21.0.11+10) (build 21.0.11+10-LTS)
# Java VM: OpenJDK 64-Bit Server VM Temurin-21.0.11+10 (21.0.11+10-LTS, mixed mode, sharing, tiered, compressed oops, compressed class ptrs, parallel gc, windows-amd64)
GC Precious Log:
 CardTable entry size: 512
 CPUs: 8 total, 8 available
 Memory: 7930M
 Large Page Support: Disabled
 NUMA Support: Disabled
 Compressed Oops: Enabled (32-bit)
 Alignments: Space 512K, Generation 512K, Heap 2M
 Heap Min Capacity: 100M
 Heap Initial Capacity: 100M
 Heap Max Capacity: 2G
 Pre-touch: Disabled
 Parallel Workers: 8
Heap:
 PSYoungGen      total 23040K, used 19508K [0x00000000d5580000, 0x00000000d7700000, 0x0000000100000000)
  eden space 22016K, 84% used [0x00000000d5580000,0x00000000d67c5320,0x00000000d6b00000)
  from space 1024K, 78% used [0x00000000d7500000,0x00000000d75c8000,0x00000000d7600000)
  to   space 1024K, 0% used [0x00000000d7600000,0x00000000d7600000,0x00000000d7700000)
 ParOldGen       total 68608K, used 36664K [0x0000000080000000, 0x0000000084300000, 0x00000000d5580000)
  object space 68608K, 53% used [0x0000000080000000,0x00000000823ce0e8,0x0000000084300000)
 Metaspace       used 49022K, committed 50432K, reserved 1114112K
  class space    used 5358K, committed 5952K, reserved 1048576K
GC Heap History (20 events):
Event: 7.624 GC heap before
{Heap before GC invocations=14 (full 1):
 PSYoungGen      total 24576K, used 11253K [0x00000000d5580000, 0x00000000d7200000, 0x0000000100000000)
  eden space 22016K, 41% used [0x00000000d5580000,0x00000000d5e63018,0x00000000d6b00000)
  from space 2560K, 84% used [0x00000000d6f80000,0x00000000d719a5b8,0x00000000d7200000)
  to   space 2560K, 0% used [0x00000000d6d00000,0x00000000d6d00000,0x00000000d6f80000)
 ParOldGen       total 68608K, used 17885K [0x0000000080000000, 0x0000000084300000, 0x00000000d5580000)
  object space 68608K, 26% used [0x0000000080000000,0x0000000081177600,0x0000000084300000)
 Metaspace       used 34689K, committed 35840K, reserved 1114112K
  class space    used 3614K, committed 4160K, reserved 1048576K
}
Event: 7.626 GC heap after
{Heap after GC invocations=14 (full 1):
 PSYoungGen      total 22528K, used 384K [0x00000000d5580000, 0x00000000d7000000, 0x0000000100000000)
  eden space 22016K, 0% used [0x00000000d5580000,0x00000000d5580000,0x00000000d6b00000)
  from space 512K, 75% used [0x00000000d6d00000,0x00000000d6d60000,0x00000000d6d80000)
  to   space 1536K, 0% used [0x00000000d6e80000,0x00000000d6e80000,0x00000000d7000000)
 ParOldGen       total 68608K, used 19847K [0x0000000080000000, 0x0000000084300000, 0x00000000d5580000)
  object space 68608K, 28% used [0x0000000080000000,0x0000000081361f48,0x0000000084300000)
 Metaspace       used 34689K, committed 35840K, reserved 1114112K
  class space    used 3614K, committed 4160K, reserved 1048576K
}
Event: 7.626 GC heap before
{Heap before GC invocations=15 (full 2):
 PSYoungGen      total 22528K, used 384K [0x00000000d5580000, 0x00000000d7000000, 0x0000000100000000)
  eden space 22016K, 0% used [0x00000000d5580000,0x00000000d5580000,0x00000000d6b00000)
  from space 512K, 75% used [0x00000000d6d00000,0x00000000d6d60000,0x00000000d6d80000)
  to   space 1536K, 0% used [0x00000000d6e80000,0x00000000d6e80000,0x00000000d7000000)
 ParOldGen       total 68608K, used 19847K [0x0000000080000000, 0x0000000084300000, 0x00000000d5580000)
  object space 68608K, 28% used [0x0000000080000000,0x0000000081361f48,0x0000000084300000)
 Metaspace       used 34689K, committed 35840K, reserved 1114112K
  class space    used 3614K, committed 4160K, reserved 1048576K
}
Event: 7.680 GC heap after
{Heap after GC invocations=15 (full 2):
 PSYoungGen      total 22528K, used 0K [0x00000000d5580000, 0x00000000d7000000, 0x0000000100000000)
  eden space 22016K, 0% used [0x00000000d5580000,0x00000000d5580000,0x00000000d6b00000)
  from space 512K, 0% used [0x00000000d6d00000,0x00000000d6d00000,0x00000000d6d80000)
  to   space 1536K, 0% used [0x00000000d6e80000,0x00000000d6e80000,0x00000000d7000000)
 ParOldGen       total 68608K, used 19195K [0x0000000080000000, 0x0000000084300000, 0x00000000d5580000)
  object space 68608K, 27% used [0x0000000080000000,0x00000000812bed70,0x0000000084300000)
 Metaspace       used 34689K, committed 35840K, reserved 1114112K
  class space    used 3614K, committed 4160K, reserved 1048576K
}
Event: 7.862 GC heap before
{Heap before GC invocations=16 (full 2):
 PSYoungGen      total 22528K, used 22016K [0x00000000d5580000, 0x00000000d7000000, 0x0000000100000000)
  eden space 22016K, 100% used [0x00000000d5580000,0x00000000d6b00000,0x00000000d6b00000)
  from space 512K, 0% used [0x00000000d6d00000,0x00000000d6d00000,0x00000000d6d80000)
  to   space 1536K, 0% used [0x00000000d6e80000,0x00000000d6e80000,0x00000000d7000000)
 ParOldGen       total 68608K, used 19195K [0x0000000080000000, 0x0000000084300000, 0x00000000d5580000)
  object space 68608K, 27% used [0x0000000080000000,0x00000000812bed70,0x0000000084300000)
 Metaspace       used 36651K, committed 37888K, reserved 1114112K
  class space    used 3869K, committed 4416K, reserved 1048576K
}
Event: 7.864 GC heap after
{Heap after GC invocations=16 (full 2):
 PSYoungGen      total 23552K, used 1520K [0x00000000d5580000, 0x00000000d7100000, 0x0000000100000000)
  eden space 22016K, 0% used [0x00000000d5580000,0x00000000d5580000,0x00000000d6b00000)
  from space 1536K, 98% used [0x00000000d6e80000,0x00000000d6ffc010,0x00000000d7000000)
  to   space 3072K, 0% used [0x00000000d6b00000,0x00000000d6b00000,0x00000000d6e00000)
 ParOldGen       total 68608K, used 20003K [0x0000000080000000, 0x0000000084300000, 0x00000000d5580000)
  object space 68608K, 29% used [0x0000000080000000,0x0000000081388d70,0x0000000084300000)
 Metaspace       used 36651K, committed 37888K, reserved 1114112K
  class space    used 3869K, committed 4416K, reserved 1048576K
}
Event: 8.052 GC heap before
{Heap before GC invocations=17 (full 2):
 PSYoungGen      total 23552K, used 23536K [0x00000000d5580000, 0x00000000d7100000, 0x0000000100000000)
  eden space 22016K, 100% used [0x00000000d5580000,0x00000000d6b00000,0x00000000d6b00000)
  from space 1536K, 98% used [0x00000000d6e80000,0x00000000d6ffc010,0x00000000d7000000)
  to   space 3072K, 0% used [0x00000000d6b00000,0x00000000d6b00000,0x00000000d6e00000)
 ParOldGen       total 68608K, used 20003K [0x0000000080000000, 0x0000000084300000, 0x00000000d5580000)
  object space 68608K, 29% used [0x0000000080000000,0x0000000081388d70,0x0000000084300000)
 Metaspace       used 38584K, committed 39872K, reserved 1114112K
  class space    used 4109K, committed 4672K, reserved 1048576K
}
Event: 8.054 GC heap after
{Heap after GC invocations=17 (full 2):
 PSYoungGen      total 23552K, used 1394K [0x00000000d5580000, 0x00000000d6f00000, 0x0000000100000000)
  eden space 22016K, 0% used [0x00000000d5580000,0x00000000d5580000,0x00000000d6b00000)
  from space 1536K, 90% used [0x00000000d6b00000,0x00000000d6c5c970,0x00000000d6c80000)
  to   space 2048K, 0% used [0x00000000d6d00000,0x00000000d6d00000,0x00000000d6f00000)
 ParOldGen       total 68608K, used 21489K [0x0000000080000000, 0x0000000084300000, 0x00000000d5580000)
  object space 68608K, 31% used [0x0000000080000000,0x00000000814fc6a0,0x0000000084300000)
 Metaspace       used 38584K, committed 39872K, reserved 1114112K
  class space    used 4109K, committed 4672K, reserved 1048576K
}
Event: 8.272 GC heap before
{Heap before GC invocations=18 (full 2):
 PSYoungGen      total 23552K, used 23410K [0x00000000d5580000, 0x00000000d6f00000, 0x0000000100000000)
  eden space 22016K, 100% used [0x00000000d5580000,0x00000000d6b00000,0x00000000d6b00000)
  from space 1536K, 90% used [0x00000000d6b00000,0x00000000d6c5c970,0x00000000d6c80000)
  to   space 2048K, 0% used [0x00000000d6d00000,0x00000000d6d00000,0x00000000d6f00000)
 ParOldGen       total 68608K, used 21489K [0x0000000080000000, 0x0000000084300000, 0x00000000d5580000)
  object space 68608K, 31% used [0x0000000080000000,0x00000000814fc6a0,0x0000000084300000)
 Metaspace       used 40678K, committed 41984K, reserved 1114112K
  class space    used 4352K, committed 4928K, reserved 1048576K
}
Event: 8.275 GC heap after
{Heap after GC invocations=18 (full 2):
 PSYoungGen      total 23552K, used 1312K [0x00000000d5580000, 0x00000000d6e80000, 0x0000000100000000)
  eden space 22016K, 0% used [0x00000000d5580000,0x00000000d5580000,0x00000000d6b00000)
  from space 1536K, 85% used [0x00000000d6d00000,0x00000000d6e48000,0x00000000d6e80000)
  to   space 1536K, 0% used [0x00000000d6b00000,0x00000000d6b00000,0x00000000d6c80000)
 ParOldGen       total 68608K, used 22483K [0x0000000080000000, 0x0000000084300000, 0x00000000d5580000)
  object space 68608K, 32% used [0x0000000080000000,0x00000000815f4ff8,0x0000000084300000)
 Metaspace       used 40678K, committed 41984K, reserved 1114112K
  class space    used 4352K, committed 4928K, reserved 1048576K
}
Event: 8.526 GC heap before
{Heap before GC invocations=19 (full 2):
 PSYoungGen      total 23552K, used 23328K [0x00000000d5580000, 0x00000000d6e80000, 0x0000000100000000)
  eden space 22016K, 100% used [0x00000000d5580000,0x00000000d6b00000,0x00000000d6b00000)
  from space 1536K, 85% used [0x00000000d6d00000,0x00000000d6e48000,0x00000000d6e80000)
  to   space 1536K, 0% used [0x00000000d6b00000,0x00000000d6b00000,0x00000000d6c80000)
 ParOldGen       total 68608K, used 22483K [0x0000000080000000, 0x0000000084300000, 0x00000000d5580000)
  object space 68608K, 32% used [0x0000000080000000,0x00000000815f4ff8,0x0000000084300000)
 Metaspace       used 41922K, committed 43136K, reserved 1114112K
  class space    used 4512K, committed 5056K, reserved 1048576K
}
Event: 8.535 GC heap after
{Heap after GC invocations=19 (full 2):
 PSYoungGen      total 23552K, used 1516K [0x00000000d5580000, 0x00000000d8500000, 0x0000000100000000)
  eden space 22016K, 0% used [0x00000000d5580000,0x00000000d5580000,0x00000000d6b00000)
  from space 1536K, 98% used [0x00000000d6b00000,0x00000000d6c7b110,0x00000000d6c80000)
  to   space 13312K, 0% used [0x00000000d7800000,0x00000000d7800000,0x00000000d8500000)
 ParOldGen       total 68608K, used 32514K [0x0000000080000000, 0x0000000084300000, 0x00000000d5580000)
  object space 68608K, 47% used [0x0000000080000000,0x0000000081fc0b58,0x0000000084300000)
 Metaspace       used 41922K, committed 43136K, reserved 1114112K
  class space    used 4512K, committed 5056K, reserved 1048576K
}
Event: 9.090 GC heap before
{Heap before GC invocations=20 (full 2):
 PSYoungGen      total 23552K, used 23532K [0x00000000d5580000, 0x00000000d8500000, 0x0000000100000000)
  eden space 22016K, 100% used [0x00000000d5580000,0x00000000d6b00000,0x00000000d6b00000)
  from space 1536K, 98% used [0x00000000d6b00000,0x00000000d6c7b110,0x00000000d6c80000)
  to   space 13312K, 0% used [0x00000000d7800000,0x00000000d7800000,0x00000000d8500000)
 ParOldGen       total 68608K, used 32514K [0x0000000080000000, 0x0000000084300000, 0x00000000d5580000)
  object space 68608K, 47% used [0x0000000080000000,0x0000000081fc0b58,0x0000000084300000)
 Metaspace       used 44468K, committed 45824K, reserved 1114112K
  class space    used 4865K, committed 5504K, reserved 1048576K
}
Event: 9.093 GC heap after
{Heap after GC invocations=20 (full 2):
 PSYoungGen      total 23552K, used 1536K [0x00000000d5580000, 0x00000000d7980000, 0x0000000100000000)
  eden space 22016K, 0% used [0x00000000d5580000,0x00000000d5580000,0x00000000d6b00000)
  from space 1536K, 100% used [0x00000000d7800000,0x00000000d7980000,0x00000000d7980000)
  to   space 5632K, 0% used [0x00000000d6e80000,0x00000000d6e80000,0x00000000d7400000)
 ParOldGen       total 68608K, used 34022K [0x0000000080000000, 0x0000000084300000, 0x00000000d5580000)
  object space 68608K, 49% used [0x0000000080000000,0x0000000082139828,0x0000000084300000)
 Metaspace       used 44468K, committed 45824K, reserved 1114112K
  class space    used 4865K, committed 5504K, reserved 1048576K
}
Event: 9.624 GC heap before
{Heap before GC invocations=21 (full 2):
 PSYoungGen      total 23552K, used 23551K [0x00000000d5580000, 0x00000000d7980000, 0x0000000100000000)
  eden space 22016K, 99% used [0x00000000d5580000,0x00000000d6afffe0,0x00000000d6b00000)
  from space 1536K, 100% used [0x00000000d7800000,0x00000000d7980000,0x00000000d7980000)
  to   space 5632K, 0% used [0x00000000d6e80000,0x00000000d6e80000,0x00000000d7400000)
 ParOldGen       total 68608K, used 34022K [0x0000000080000000, 0x0000000084300000, 0x00000000d5580000)
  object space 68608K, 49% used [0x0000000080000000,0x0000000082139828,0x0000000084300000)
 Metaspace       used 46961K, committed 48256K, reserved 1114112K
  class space    used 5147K, committed 5760K, reserved 1048576K
}
Event: 9.627 GC heap after
{Heap after GC invocations=21 (full 2):
 PSYoungGen      total 27648K, used 1344K [0x00000000d5580000, 0x00000000d7880000, 0x0000000100000000)
  eden space 22016K, 0% used [0x00000000d5580000,0x00000000d5580000,0x00000000d6b00000)
  from space 5632K, 23% used [0x00000000d6e80000,0x00000000d6fd0010,0x00000000d7400000)
  to   space 2048K, 0% used [0x00000000d7680000,0x00000000d7680000,0x00000000d7880000)
 ParOldGen       total 68608K, used 35398K [0x0000000080000000, 0x0000000084300000, 0x00000000d5580000)
  object space 68608K, 51% used [0x0000000080000000,0x0000000082291848,0x0000000084300000)
 Metaspace       used 46961K, committed 48256K, reserved 1114112K
  class space    used 5147K, committed 5760K, reserved 1048576K
}
Event: 10.564 GC heap before
{Heap before GC invocations=22 (full 2):
 PSYoungGen      total 27648K, used 23360K [0x00000000d5580000, 0x00000000d7880000, 0x0000000100000000)
  eden space 22016K, 100% used [0x00000000d5580000,0x00000000d6b00000,0x00000000d6b00000)
  from space 5632K, 23% used [0x00000000d6e80000,0x00000000d6fd0010,0x00000000d7400000)
  to   space 2048K, 0% used [0x00000000d7680000,0x00000000d7680000,0x00000000d7880000)
 ParOldGen       total 68608K, used 35398K [0x0000000080000000, 0x0000000084300000, 0x00000000d5580000)
  object space 68608K, 51% used [0x0000000080000000,0x0000000082291848,0x0000000084300000)
 Metaspace       used 47024K, committed 48320K, reserved 1114112K
  class space    used 5147K, committed 5760K, reserved 1048576K
}
Event: 10.567 GC heap after
{Heap after GC invocations=22 (full 2):
 PSYoungGen      total 22528K, used 224K [0x00000000d5580000, 0x00000000d7700000, 0x0000000100000000)
  eden space 22016K, 0% used [0x00000000d5580000,0x00000000d5580000,0x00000000d6b00000)
  from space 512K, 43% used [0x00000000d7680000,0x00000000d76b8000,0x00000000d7700000)
  to   space 1024K, 0% used [0x00000000d7500000,0x00000000d7500000,0x00000000d7600000)
 ParOldGen       total 68608K, used 36624K [0x0000000080000000, 0x0000000084300000, 0x00000000d5580000)
  object space 68608K, 53% used [0x0000000080000000,0x00000000823c40e8,0x0000000084300000)
 Metaspace       used 47024K, committed 48320K, reserved 1114112K
  class space    used 5147K, committed 5760K, reserved 1048576K
}
Event: 10.919 GC heap before
{Heap before GC invocations=23 (full 2):
 PSYoungGen      total 22528K, used 22240K [0x00000000d5580000, 0x00000000d7700000, 0x0000000100000000)
  eden space 22016K, 100% used [0x00000000d5580000,0x00000000d6b00000,0x00000000d6b00000)
  from space 512K, 43% used [0x00000000d7680000,0x00000000d76b8000,0x00000000d7700000)
  to   space 1024K, 0% used [0x00000000d7500000,0x00000000d7500000,0x00000000d7600000)
 ParOldGen       total 68608K, used 36624K [0x0000000080000000, 0x0000000084300000, 0x00000000d5580000)
  object space 68608K, 53% used [0x0000000080000000,0x00000000823c40e8,0x0000000084300000)
 Metaspace       used 47398K, committed 48768K, reserved 1114112K
  class space    used 5184K, committed 5824K, reserved 1048576K
}
Event: 10.920 GC heap after
{Heap after GC invocations=23 (full 2):
 PSYoungGen      total 23040K, used 800K [0x00000000d5580000, 0x00000000d7700000, 0x0000000100000000)
  eden space 22016K, 0% used [0x00000000d5580000,0x00000000d5580000,0x00000000d6b00000)
  from space 1024K, 78% used [0x00000000d7500000,0x00000000d75c8000,0x00000000d7600000)
  to   space 1024K, 0% used [0x00000000d7600000,0x00000000d7600000,0x00000000d7700000)
 ParOldGen       total 68608K, used 36664K [0x0000000080000000, 0x0000000084300000, 0x00000000d5580000)
  object space 68608K, 53% used [0x0000000080000000,0x00000000823ce0e8,0x0000000084300000)
 Metaspace       used 47398K, committed 48768K, reserved 1114112K
  class space    used 5184K, committed 5824K, reserved 1048576K
}

